\BOOKMARK [0][-]{chapter.1}{\376\377\000I\000n\000t\000r\000o\000d\000u\000c\000c\000i\000\363\000n}{}% 1
\BOOKMARK [0][-]{chapter.2}{\376\377\000L\000i\000n\000k\000e\000d\000\040\000D\000a\000t\000a}{}% 2
\BOOKMARK [1][-]{section.2.1}{\376\377\000C\000o\000m\000p\000o\000n\000e\000n\000t\000e\000s\000\040\000d\000e\000\040\000L\000i\000n\000k\000e\000d\000\040\000D\000a\000t\000a}{chapter.2}% 3
\BOOKMARK [2][-]{subsection.2.1.1}{\376\377\000U\000n\000i\000f\000o\000r\000m\000i\000d\000a\000d\000\040\000d\000e\000\040\000l\000a\000s\000\040\000U\000R\000I\000s}{section.2.1}% 4
\BOOKMARK [2][-]{subsection.2.1.2}{\376\377\000C\000a\000r\000a\000c\000t\000e\000r\000\355\000s\000t\000i\000c\000a\000s\000\040\000d\000e\000l\000\040\000p\000r\000o\000t\000o\000c\000o\000l\000o\000\040\000H\000T\000T\000P}{section.2.1}% 5
\BOOKMARK [2][-]{subsection.2.1.3}{\376\377\000C\000a\000r\000a\000c\000t\000e\000r\000\355\000s\000t\000i\000c\000a\000s\000\040\000d\000e\000\040\000R\000D\000F}{section.2.1}% 6
\BOOKMARK [1][-]{section.2.2}{\376\377\000E\000s\000q\000u\000e\000m\000a\000t\000i\000z\000a\000c\000i\000\363\000n\000\040\000d\000e\000\040\000l\000o\000s\000\040\000c\000o\000m\000p\000o\000n\000e\000n\000t\000e\000s\000\040\000d\000e\000\040\000L\000i\000n\000k\000e\000d\000\040\000D\000a\000t\000a}{chapter.2}% 7
\BOOKMARK [0][-]{chapter.3}{\376\377\000U\000R\000I}{}% 8
\BOOKMARK [1][-]{section.3.1}{\376\377\000I\000n\000t\000r\000o\000d\000u\000c\000c\000i\000\363\000n\000\040\000a\000\040\000l\000a\000s\000\040\000U\000R\000I\000s}{chapter.3}% 9
\BOOKMARK [1][-]{section.3.2}{\376\377\000D\000i\000f\000e\000r\000e\000n\000c\000i\000a\000s\000\040\000e\000n\000t\000r\000e\000\040\000U\000R\000I\000\040\000y\000\040\000U\000R\000L}{chapter.3}% 10
\BOOKMARK [1][-]{section.3.3}{\376\377\000T\000i\000p\000o\000s\000\040\000d\000e\000\040\000U\000R\000I}{chapter.3}% 11
\BOOKMARK [0][-]{chapter.4}{\376\377\000H\000T\000T\000P}{}% 12
\BOOKMARK [1][-]{section.4.1}{\376\377\000I\000n\000t\000r\000o\000d\000u\000c\000c\000i\000\363\000n\000\040\000a\000\040\000H\000T\000T\000P}{chapter.4}% 13
\BOOKMARK [1][-]{section.4.2}{\376\377\000H\000T\000T\000P\000\040\000y\000\040\000L\000i\000n\000k\000e\000d\000\040\000D\000a\000t\000a}{chapter.4}% 14
\BOOKMARK [1][-]{section.4.3}{\376\377\000i\000m\000p\000l\000e\000m\000e\000n\000t\000a\000c\000i\000\363\000n\000\040\000d\000e\000\040\000L\000i\000n\000k\000e\000d\000\040\000D\000a\000t\000a\000\040\000c\000o\000n\000\040\000H\000T\000T\000P}{chapter.4}% 15
\BOOKMARK [2][-]{subsection.4.3.1}{\376\377\000I\000d\000e\000n\000t\000i\000f\000i\000c\000a\000c\000i\000\363\000n\000\040\000d\000e\000\040\000R\000e\000c\000u\000r\000s\000o\000s}{section.4.3}% 16
\BOOKMARK [2][-]{subsection.4.3.2}{\376\377\000A\000s\000i\000g\000n\000a\000c\000i\000\363\000n\000\040\000d\000e\000\040\000U\000R\000I\000s}{section.4.3}% 17
\BOOKMARK [2][-]{subsection.4.3.3}{\376\377\000P\000u\000b\000l\000i\000c\000a\000c\000i\000\363\000n\000\040\000d\000e\000\040\000l\000o\000s\000\040\000d\000a\000t\000o\000s}{section.4.3}% 18
\BOOKMARK [0][-]{chapter.5}{\376\377\000R\000D\000F}{}% 19
\BOOKMARK [1][-]{section.5.1}{\376\377\000I\000n\000t\000r\000o\000d\000u\000c\000c\000i\000\363\000n\000\040\000a\000\040\000R\000D\000F}{chapter.5}% 20
\BOOKMARK [1][-]{section.5.2}{\376\377\000M\000o\000d\000e\000l\000o\000\040\000d\000e\000\040\000d\000a\000t\000o\000s\000\040\000R\000D\000F}{chapter.5}% 21
\BOOKMARK [1][-]{section.5.3}{\376\377\000E\000j\000e\000m\000p\000l\000o\000s\000\040\000d\000e\000\040\000s\000e\000n\000t\000e\000n\000c\000i\000a\000s\000\040\000R\000D\000F}{chapter.5}% 22
\BOOKMARK [0][-]{chapter.6}{\376\377\000R\000D\000F\000\040\000y\000\040\000X\000M\000L}{}% 23
\BOOKMARK [1][-]{section.6.1}{\376\377\000c\000o\000m\000p\000a\000r\000a\000c\000i\000\363\000n\000\040\000e\000n\000t\000r\000e\000\040\000R\000D\000F\000\040\000y\000\040\000X\000M\000L}{chapter.6}% 24
\BOOKMARK [1][-]{section.6.2}{\376\377\000E\000s\000t\000r\000u\000c\000t\000u\000r\000a\000\040\000d\000e\000l\000\040\000d\000o\000c\000u\000m\000e\000n\000t\000o\000\040\000X\000M\000L}{chapter.6}% 25
\BOOKMARK [0][-]{chapter.7}{\376\377\000T\000i\000m\000\040\000B\000e\000r\000n\000e\000r\000s\000-\000L\000e\000e}{}% 26
\BOOKMARK [1][-]{section.7.1}{\376\377\000P\000r\000i\000n\000c\000i\000p\000i\000o\000s\000\040\000d\000e\000\040\000L\000i\000n\000k\000e\000d\000\040\000D\000a\000t\000a\000\040\000s\000e\000g\000\372\000n\000\040\000T\000i\000m\000\040\000B\000e\000r\000n\000e\000r\000s\000-\000L\000e\000e}{chapter.7}% 27
\BOOKMARK [0][-]{chapter.8}{\376\377\000L\000i\000n\000k\000e\000d\000\040\000O\000p\000e\000n\000\040\000D\000a\000t\000a\000\040\000\050\000L\000O\000D\000\051}{}% 28
\BOOKMARK [1][-]{section.8.1}{\376\377\000P\000r\000i\000n\000c\000i\000p\000i\000o\000s\000\040\000C\000l\000a\000v\000e\000\040\000d\000e\000\040\000L\000O\000D}{chapter.8}% 29
\BOOKMARK [1][-]{section.8.2}{\376\377\000B\000e\000n\000e\000f\000i\000c\000i\000o\000s\000\040\000d\000e\000\040\000L\000O\000D}{chapter.8}% 30
\BOOKMARK [0][-]{chapter.9}{\376\377\000R\000e\000l\000a\000c\000i\000\363\000n\000\040\000e\000n\000t\000r\000e\000\040\000L\000i\000n\000k\000e\000d\000\040\000D\000a\000t\000a\000\040\000y\000\040\000O\000p\000e\000n\000\040\000D\000a\000t\000a}{}% 31
\BOOKMARK [1][-]{section.9.1}{\376\377\000I\000n\000t\000e\000r\000o\000p\000e\000r\000a\000b\000i\000l\000i\000d\000a\000d\000\040\000y\000\040\000E\000n\000l\000a\000c\000e\000\040\000d\000e\000\040\000D\000a\000t\000o\000s}{chapter.9}% 32
\BOOKMARK [1][-]{section.9.2}{\376\377\000D\000e\000s\000c\000u\000b\000r\000i\000m\000i\000e\000n\000t\000o\000\040\000y\000\040\000E\000x\000p\000l\000o\000t\000a\000c\000i\000\363\000n\000\040\000d\000e\000\040\000D\000a\000t\000o\000s}{chapter.9}% 33
\BOOKMARK [1][-]{section.9.3}{\376\377\000P\000o\000t\000e\000n\000c\000i\000a\000l\000\040\000p\000a\000r\000a\000\040\000l\000a\000\040\000I\000n\000n\000o\000v\000a\000c\000i\000\363\000n\000\040\000y\000\040\000l\000a\000\040\000C\000r\000e\000a\000c\000i\000\363\000n\000\040\000d\000e\000\040\000V\000a\000l\000o\000r}{chapter.9}% 34
\BOOKMARK [2][-]{subsection.9.3.1}{\376\377\000V\000e\000a\000m\000o\000s\000\040\000u\000n\000\040\000E\000j\000e\000m\000p\000l\000o\000\040\000P\000r\000\341\000c\000t\000i\000c\000o\000:\000\040\000S\000i\000s\000t\000e\000m\000a\000\040\000d\000e\000\040\000T\000r\000a\000n\000s\000p\000o\000r\000t\000e\000\040\000U\000r\000b\000a\000n\000o}{section.9.3}% 35
\BOOKMARK [1][-]{section.9.4}{\376\377\000D\000e\000s\000a\000f\000\355\000o\000s\000\040\000y\000\040\000C\000o\000n\000s\000i\000d\000e\000r\000a\000c\000i\000o\000n\000e\000s\000\040\000\311\000t\000i\000c\000a\000s}{chapter.9}% 36
\BOOKMARK [0][-]{chapter.10}{\376\377\000L\000i\000n\000k\000e\000d\000\040\000D\000a\000t\000a\000\040\000y\000\040\000W\000e\000b\000\040\000S\000e\000m\000\341\000n\000t\000i\000c\000a}{}% 37
\BOOKMARK [1][-]{section.10.1}{\376\377\000W\000e\000b\000\040\000S\000e\000m\000\341\000n\000t\000i\000c\000a\000:\000\040\000D\000a\000n\000d\000o\000\040\000S\000i\000g\000n\000i\000f\000i\000c\000a\000d\000o\000\040\000a\000\040\000l\000o\000s\000\040\000D\000a\000t\000o\000s}{chapter.10}% 38
\BOOKMARK [1][-]{section.10.2}{\376\377\000I\000n\000t\000e\000r\000o\000p\000e\000r\000a\000b\000i\000l\000i\000d\000a\000d\000\040\000e\000n\000t\000r\000e\000\040\000A\000p\000l\000i\000c\000a\000c\000i\000o\000n\000e\000s}{chapter.10}% 39
\BOOKMARK [1][-]{section.10.3}{\376\377\000D\000e\000s\000c\000u\000b\000r\000i\000m\000i\000e\000n\000t\000o\000\040\000d\000e\000\040\000C\000o\000n\000o\000c\000i\000m\000i\000e\000n\000t\000o}{chapter.10}% 40
\BOOKMARK [1][-]{section.10.4}{\376\377\000A\000g\000e\000n\000t\000e\000s\000\040\000I\000n\000t\000e\000l\000i\000g\000e\000n\000t\000e\000s\000\040\000y\000\040\000A\000u\000t\000o\000m\000a\000t\000i\000z\000a\000c\000i\000\363\000n}{chapter.10}% 41
\BOOKMARK [1][-]{section.10.5}{\376\377\000B\000\372\000s\000q\000u\000e\000d\000a\000\040\000S\000e\000m\000\341\000n\000t\000i\000c\000a}{chapter.10}% 42
\BOOKMARK [1][-]{section.10.6}{\376\377\000E\000v\000o\000l\000u\000c\000i\000\363\000n\000\040\000h\000a\000c\000i\000a\000\040\000l\000a\000\040\000W\000e\000b\000\040\0003\000.\0000}{chapter.10}% 43
\BOOKMARK [1][-]{section.10.7}{\376\377\000I\000n\000t\000e\000g\000r\000a\000c\000i\000\363\000n\000\040\000d\000e\000\040\000L\000i\000n\000k\000e\000d\000\040\000D\000a\000t\000a\000\040\000y\000\040\000W\000e\000b\000\040\000S\000e\000m\000\341\000n\000t\000i\000c\000a}{chapter.10}% 44
\BOOKMARK [0][-]{chapter.11}{\376\377\000T\000r\000a\000n\000s\000f\000o\000r\000m\000a\000c\000i\000\363\000n\000\040\000d\000e\000\040\000o\000p\000e\000n\000\040\000d\000a\000t\000a\000\040\000a\000\040\000l\000i\000n\000k\000e\000d\000\040\000o\000p\000e\000n\000\040\000d\000a\000t\000a}{}% 45
\BOOKMARK [1][-]{section.11.1}{\376\377\000P\000a\000s\000o\000\040\0001\000:\000\040\000I\000d\000e\000n\000t\000i\000f\000i\000c\000a\000c\000i\000\363\000n\000\040\000d\000e\000\040\000D\000a\000t\000a\000s\000e\000t\000s}{chapter.11}% 46
\BOOKMARK [1][-]{section.11.2}{\376\377\000P\000a\000s\000o\000\040\0002\000:\000\040\000L\000i\000m\000p\000i\000e\000z\000a\000\040\000d\000e\000\040\000D\000a\000t\000o\000s}{chapter.11}% 47
\BOOKMARK [1][-]{section.11.3}{\376\377\000P\000a\000s\000o\000\040\0003\000:\000\040\000M\000o\000d\000e\000l\000a\000d\000o\000\040\000d\000e\000\040\000D\000a\000t\000o\000s}{chapter.11}% 48
\BOOKMARK [1][-]{section.11.4}{\376\377\000P\000a\000s\000o\000\040\0004\000:\000\040\000E\000n\000r\000i\000q\000u\000e\000c\000i\000m\000i\000e\000n\000t\000o\000\040\000d\000e\000\040\000D\000a\000t\000o\000s}{chapter.11}% 49
\BOOKMARK [1][-]{section.11.5}{\376\377\000P\000a\000s\000o\000\040\0005\000:\000\040\000V\000i\000n\000c\000u\000l\000a\000c\000i\000\363\000n\000\040\000d\000e\000\040\000D\000a\000t\000o\000s}{chapter.11}% 50
\BOOKMARK [1][-]{section.11.6}{\376\377\000P\000a\000s\000o\000\040\0006\000:\000\040\000P\000u\000b\000l\000i\000c\000a\000c\000i\000\363\000n\000\040\000d\000e\000\040\000D\000a\000t\000o\000s}{chapter.11}% 51
\BOOKMARK [1][-]{section.11.7}{\376\377\000P\000a\000s\000o\000\040\0007\000:\000\040\000V\000a\000l\000i\000d\000a\000c\000i\000\363\000n\000\040\000d\000e\000\040\000D\000a\000t\000o\000s}{chapter.11}% 52
\BOOKMARK [0][-]{chapter.12}{\376\377\000B\000e\000n\000e\000f\000i\000c\000i\000o\000s\000\040\000d\000e\000\040\000L\000i\000n\000k\000e\000d\000\040\000D\000a\000t\000a}{}% 53
\BOOKMARK [1][-]{section.12.1}{\376\377\000I\000n\000t\000e\000r\000c\000o\000n\000e\000x\000i\000\363\000n\000\040\000d\000e\000\040\000d\000a\000t\000o\000s}{chapter.12}% 54
\BOOKMARK [1][-]{section.12.2}{\376\377\000D\000e\000s\000c\000u\000b\000r\000i\000m\000i\000e\000n\000t\000o\000\040\000d\000e\000\040\000D\000a\000t\000o\000s}{chapter.12}% 55
\BOOKMARK [1][-]{section.12.3}{\376\377\000R\000e\000u\000t\000i\000l\000i\000z\000a\000c\000i\000\363\000n\000\040\000d\000e\000\040\000D\000a\000t\000o\000s}{chapter.12}% 56
\BOOKMARK [1][-]{section.12.4}{\376\377\000M\000e\000j\000o\000r\000a\000\040\000d\000e\000\040\000l\000a\000\040\000B\000\372\000s\000q\000u\000e\000d\000a\000\040\000y\000\040\000R\000e\000c\000u\000p\000e\000r\000a\000c\000i\000\363\000n\000\040\000d\000e\000\040\000I\000n\000f\000o\000r\000m\000a\000c\000i\000\363\000n}{chapter.12}% 57
\BOOKMARK [1][-]{section.12.5}{\376\377\000I\000n\000t\000e\000g\000r\000a\000c\000i\000\363\000n\000\040\000c\000o\000n\000\040\000l\000a\000\040\000W\000e\000b\000\040\000S\000e\000m\000\341\000n\000t\000i\000c\000a}{chapter.12}% 58
\BOOKMARK [1][-]{section.12.6}{\376\377\000A\000p\000e\000r\000t\000u\000r\000a\000\040\000y\000\040\000A\000c\000c\000e\000s\000i\000b\000i\000l\000i\000d\000a\000d}{chapter.12}% 59
\BOOKMARK [1][-]{section.12.7}{\376\377\000C\000o\000n\000s\000i\000s\000t\000e\000n\000c\000i\000a\000\040\000y\000\040\000C\000a\000l\000i\000d\000a\000d\000\040\000d\000e\000\040\000l\000o\000s\000\040\000D\000a\000t\000o\000s}{chapter.12}% 60
\BOOKMARK [1][-]{section.12.8}{\376\377\000F\000a\000c\000i\000l\000i\000t\000a\000\040\000l\000a\000\040\000C\000o\000l\000a\000b\000o\000r\000a\000c\000i\000\363\000n}{chapter.12}% 61
\BOOKMARK [1][-]{section.12.9}{\376\377\000S\000o\000p\000o\000r\000t\000e\000\040\000p\000a\000r\000a\000\040\000l\000a\000\040\000T\000o\000m\000a\000\040\000d\000e\000\040\000D\000e\000c\000i\000s\000i\000o\000n\000e\000s}{chapter.12}% 62
\BOOKMARK [1][-]{section.12.10}{\376\377\000E\000v\000o\000l\000u\000c\000i\000\363\000n\000\040\000h\000a\000c\000i\000a\000\040\000l\000a\000\040\000W\000e\000b\000\040\0003\000.\0000}{chapter.12}% 63
\BOOKMARK [0][-]{chapter.13}{\376\377\000P\000r\000o\000b\000l\000e\000m\000a\000s\000\040\000d\000e\000\040\000L\000i\000n\000k\000e\000d\000\040\000D\000a\000t\000a}{}% 64
\BOOKMARK [1][-]{section.13.1}{\376\377\000E\000s\000c\000a\000s\000e\000z\000\040\000d\000e\000\040\000D\000a\000t\000o\000s\000\040\000E\000n\000l\000a\000z\000a\000d\000o\000s}{chapter.13}% 65
\BOOKMARK [1][-]{section.13.2}{\376\377\000C\000a\000l\000i\000d\000a\000d\000\040\000V\000a\000r\000i\000a\000n\000t\000e\000\040\000d\000e\000\040\000l\000o\000s\000\040\000D\000a\000t\000o\000s}{chapter.13}% 66
\BOOKMARK [1][-]{section.13.3}{\376\377\000C\000o\000m\000p\000l\000e\000j\000i\000d\000a\000d\000\040\000e\000n\000\040\000l\000a\000\040\000C\000r\000e\000a\000c\000i\000\363\000n\000\040\000d\000e\000\040\000E\000n\000l\000a\000c\000e\000s}{chapter.13}% 67
\BOOKMARK [1][-]{section.13.4}{\376\377\000F\000a\000l\000t\000a\000\040\000d\000e\000\040\000E\000s\000t\000\341\000n\000d\000a\000r\000e\000s\000\040\000U\000n\000i\000f\000o\000r\000m\000e\000s}{chapter.13}% 68
\BOOKMARK [1][-]{section.13.5}{\376\377\000P\000r\000i\000v\000a\000c\000i\000d\000a\000d\000\040\000y\000\040\000S\000e\000g\000u\000r\000i\000d\000a\000d}{chapter.13}% 69
\BOOKMARK [1][-]{section.13.6}{\376\377\000C\000o\000s\000t\000o\000s\000\040\000A\000s\000o\000c\000i\000a\000d\000o\000s}{chapter.13}% 70
\BOOKMARK [1][-]{section.13.7}{\376\377\000A\000d\000o\000p\000c\000i\000\363\000n\000\040\000y\000\040\000C\000o\000n\000c\000i\000e\000n\000c\000i\000a\000c\000i\000\363\000n}{chapter.13}% 71
\BOOKMARK [1][-]{section.13.8}{\376\377\000D\000e\000s\000a\000f\000\355\000o\000s\000\040\000d\000e\000\040\000E\000s\000c\000a\000l\000a}{chapter.13}% 72
\BOOKMARK [1][-]{section.13.9}{\376\377\000A\000c\000t\000u\000a\000l\000i\000z\000a\000c\000i\000\363\000n\000\040\000y\000\040\000M\000a\000n\000t\000e\000n\000i\000m\000i\000e\000n\000t\000o\000\040\000C\000o\000n\000t\000i\000n\000u\000o}{chapter.13}% 73
\BOOKMARK [1][-]{section.13.10}{\376\377\000C\000o\000m\000p\000r\000e\000n\000s\000i\000\363\000n\000\040\000S\000e\000m\000\341\000n\000t\000i\000c\000a\000\040\000L\000i\000m\000i\000t\000a\000d\000a}{chapter.13}% 74
\BOOKMARK [0][-]{chapter.14}{\376\377\000L\000i\000n\000k\000e\000d\000\040\000D\000a\000t\000a\000\040\000e\000n\000\040\000l\000a\000\040\000a\000c\000t\000u\000a\000l\000i\000d\000a\000d}{}% 75
\BOOKMARK [1][-]{section.14.1}{\376\377\000L\000a\000\040\000a\000d\000o\000p\000c\000i\000\363\000n\000\040\000d\000e\000\040\000R\000D\000F\000a\000\040\000L\000i\000t\000e\000\040\000p\000o\000r\000\040\000p\000a\000r\000t\000e\000\040\000d\000e\000\040\000s\000c\000h\000e\000m\000a\000.\000o\000r\000g}{chapter.14}% 76
\BOOKMARK [1][-]{section.14.2}{\376\377\000F\000r\000a\000g\000m\000e\000n\000t\000o\000s\000\040\000E\000n\000r\000i\000q\000u\000e\000c\000i\000d\000o\000s\000\040\000d\000e\000\040\000G\000o\000o\000g\000l\000e}{chapter.14}% 77
\BOOKMARK [1][-]{section.14.3}{\376\377\000B\000e\000s\000t\000\040\000B\000u\000y}{chapter.14}% 78
\BOOKMARK [0][-]{chapter.15}{\376\377\000L\000i\000n\000k\000e\000d\000\040\000D\000a\000t\000a\000\040\000e\000n\000\040\000e\000l\000\040\000f\000u\000t\000u\000r\000o}{}% 79
\BOOKMARK [1][-]{section.15.1}{\376\377\000E\000x\000t\000e\000n\000s\000i\000o\000n\000e\000s\000\040\000d\000e\000\040\000F\000r\000a\000g\000m\000e\000n\000t\000o\000s\000\040\000E\000n\000r\000i\000q\000u\000e\000c\000i\000d\000o\000s\000\040\000d\000e\000\040\000G\000o\000o\000g\000l\000e}{chapter.15}% 80
\BOOKMARK [1][-]{section.15.2}{\376\377\000L\000e\000g\000i\000s\000l\000a\000c\000i\000\363\000n\000\040\000d\000e\000\040\000r\000e\000s\000p\000o\000n\000s\000a\000b\000i\000l\000i\000d\000a\000d\000\040\000y\000\040\000t\000r\000a\000n\000s\000p\000a\000r\000e\000n\000c\000i\000a\000\040\000d\000i\000g\000i\000t\000a\000l}{chapter.15}% 81
\BOOKMARK [0][-]{chapter.16}{\376\377\000C\000o\000n\000c\000l\000u\000s\000i\000o\000n\000e\000s}{}% 82
